<?xml version="1.0" encoding="UTF-8"?>
<testsuite xmlns:xsi="http://www.w3.org/2001/XMLSchema-instance" xsi:noNamespaceSchemaLocation="https://maven.apache.org/surefire/maven-surefire-plugin/xsd/surefire-test-report-3.0.xsd" version="3.0" name="aed.ListaEnlazadaTests" time="0.1" tests="16" errors="0" skipped="0" failures="0">
  <properties>
    <property name="java.specification.version" value="17"/>
    <property name="sun.jnu.encoding" value="UTF-8"/>
    <property name="java.class.path" value="/home/rl250348/Dokumente/uni/aed-fcen/taller-3/target/test-classes:/home/rl250348/Dokumente/uni/aed-fcen/taller-3/target/classes:/home/rl250348/.m2/repository/org/junit/jupiter/junit-jupiter-engine/5.9.2/junit-jupiter-engine-5.9.2.jar:/home/rl250348/.m2/repository/org/junit/platform/junit-platform-engine/1.9.2/junit-platform-engine-1.9.2.jar:/home/rl250348/.m2/repository/org/opentest4j/opentest4j/1.2.0/opentest4j-1.2.0.jar:/home/rl250348/.m2/repository/org/junit/platform/junit-platform-commons/1.9.2/junit-platform-commons-1.9.2.jar:/home/rl250348/.m2/repository/org/junit/jupiter/junit-jupiter-api/5.9.2/junit-jupiter-api-5.9.2.jar:/home/rl250348/.m2/repository/org/apiguardian/apiguardian-api/1.1.2/apiguardian-api-1.1.2.jar:"/>
    <property name="java.vm.vendor" value="Ubuntu"/>
    <property name="sun.arch.data.model" value="64"/>
    <property name="java.vendor.url" value="https://ubuntu.com/"/>
    <property name="os.name" value="Linux"/>
    <property name="java.vm.specification.version" value="17"/>
    <property name="sun.java.launcher" value="SUN_STANDARD"/>
    <property name="user.country" value="DE"/>
    <property name="sun.boot.library.path" value="/usr/lib/jvm/java-17-openjdk-amd64/lib"/>
    <property name="sun.java.command" value="/home/rl250348/Dokumente/uni/aed-fcen/taller-3/target/surefire/surefirebooter-20250427175541698_3.jar /home/rl250348/Dokumente/uni/aed-fcen/taller-3/target/surefire 2025-04-27T17-55-41_642-jvmRun1 surefire-20250427175541698_1tmp surefire_0-20250427175541698_2tmp"/>
    <property name="jdk.debug" value="release"/>
    <property name="surefire.test.class.path" value="/home/rl250348/Dokumente/uni/aed-fcen/taller-3/target/test-classes:/home/rl250348/Dokumente/uni/aed-fcen/taller-3/target/classes:/home/rl250348/.m2/repository/org/junit/jupiter/junit-jupiter-engine/5.9.2/junit-jupiter-engine-5.9.2.jar:/home/rl250348/.m2/repository/org/junit/platform/junit-platform-engine/1.9.2/junit-platform-engine-1.9.2.jar:/home/rl250348/.m2/repository/org/opentest4j/opentest4j/1.2.0/opentest4j-1.2.0.jar:/home/rl250348/.m2/repository/org/junit/platform/junit-platform-commons/1.9.2/junit-platform-commons-1.9.2.jar:/home/rl250348/.m2/repository/org/junit/jupiter/junit-jupiter-api/5.9.2/junit-jupiter-api-5.9.2.jar:/home/rl250348/.m2/repository/org/apiguardian/apiguardian-api/1.1.2/apiguardian-api-1.1.2.jar:"/>
    <property name="sun.cpu.endian" value="little"/>
    <property name="user.home" value="/home/rl250348"/>
    <property name="user.language" value="de"/>
    <property name="java.specification.vendor" value="Oracle Corporation"/>
    <property name="java.version.date" value="2025-01-21"/>
    <property name="java.home" value="/usr/lib/jvm/java-17-openjdk-amd64"/>
    <property name="file.separator" value="/"/>
    <property name="basedir" value="/home/rl250348/Dokumente/uni/aed-fcen/taller-3"/>
    <property name="java.vm.compressedOopsMode" value="Zero based"/>
    <property name="line.separator" value="&#10;"/>
    <property name="java.specification.name" value="Java Platform API Specification"/>
    <property name="java.vm.specification.vendor" value="Oracle Corporation"/>
    <property name="surefire.real.class.path" value="/home/rl250348/Dokumente/uni/aed-fcen/taller-3/target/surefire/surefirebooter-20250427175541698_3.jar"/>
    <property name="sun.management.compiler" value="HotSpot 64-Bit Tiered Compilers"/>
    <property name="java.runtime.version" value="17.0.14+7-Ubuntu-122.04.1"/>
    <property name="user.name" value="rl250348"/>
    <property name="path.separator" value=":"/>
    <property name="os.version" value="6.8.0-58-generic"/>
    <property name="java.runtime.name" value="OpenJDK Runtime Environment"/>
    <property name="file.encoding" value="UTF-8"/>
    <property name="java.vm.name" value="OpenJDK 64-Bit Server VM"/>
    <property name="localRepository" value="/home/rl250348/.m2/repository"/>
    <property name="java.vendor.url.bug" value="https://bugs.launchpad.net/ubuntu/+source/openjdk-17"/>
    <property name="java.io.tmpdir" value="/tmp"/>
    <property name="java.version" value="17.0.14"/>
    <property name="user.dir" value="/home/rl250348/Dokumente/uni/aed-fcen/taller-3"/>
    <property name="os.arch" value="amd64"/>
    <property name="java.vm.specification.name" value="Java Virtual Machine Specification"/>
    <property name="native.encoding" value="UTF-8"/>
    <property name="java.library.path" value="/usr/java/packages/lib:/usr/lib/x86_64-linux-gnu/jni:/lib/x86_64-linux-gnu:/usr/lib/x86_64-linux-gnu:/usr/lib/jni:/lib:/usr/lib"/>
    <property name="java.vm.info" value="mixed mode, sharing"/>
    <property name="java.vendor" value="Ubuntu"/>
    <property name="java.vm.version" value="17.0.14+7-Ubuntu-122.04.1"/>
    <property name="java.specification.maintenance.version" value="1"/>
    <property name="sun.io.unicode.encoding" value="UnicodeLittle"/>
    <property name="java.class.version" value="61.0"/>
  </properties>
  <testcase name="imprimirLista" classname="aed.ListaEnlazadaTests" time="0.046"/>
  <testcase name="nuevaListaEstaVacia" classname="aed.ListaEnlazadaTests" time="0.001"/>
  <testcase name="iteradorRecorreListaHaciaAdelante" classname="aed.ListaEnlazadaTests" time="0.003"/>
  <testcase name="agregarVariosElementosSoloAtras" classname="aed.ListaEnlazadaTests" time="0.001"/>
  <testcase name="eliminarElementos" classname="aed.ListaEnlazadaTests" time="0.001"/>
  <testcase name="copiarListaConstructor" classname="aed.ListaEnlazadaTests" time="0.001"/>
  <testcase name="imprimirLuegoDeEliminar" classname="aed.ListaEnlazadaTests" time="0.001"/>
  <testcase name="agregarUnElementoAdelante" classname="aed.ListaEnlazadaTests" time="0.001"/>
  <testcase name="agregarVariosElementosAdelanteYAtras" classname="aed.ListaEnlazadaTests" time="0.001"/>
  <testcase name="iteradorListaVacia" classname="aed.ListaEnlazadaTests" time="0.001"/>
  <testcase name="listaDeElemComplejo" classname="aed.ListaEnlazadaTests" time="0.001"/>
  <testcase name="agregarVariosElementosSoloAdelante" classname="aed.ListaEnlazadaTests" time="0.001"/>
  <testcase name="eliminarExtremos" classname="aed.ListaEnlazadaTests" time="0.001"/>
  <testcase name="modificarPosiciÃ³n" classname="aed.ListaEnlazadaTests" time="0"/>
  <testcase name="agregarUnElementoAtras" classname="aed.ListaEnlazadaTests" time="0.001"/>
  <testcase name="iteradorEsBidireccional" classname="aed.ListaEnlazadaTests" time="0.001"/>
</testsuite>